app/manifest-merger-release-report.txt
-- Merging decision tree log ---
manifest
ADDED from AndroidManifest.xml:2:1
	xmlns:android
		ADDED from AndroidManifest.xml:2:11
	package
		ADDED from AndroidManifest.xml:3:5
		INJECTED from AndroidManifest.xml:0:0
		INJECTED from AndroidManifest.xml:0:0
	android:versionName
		INJECTED from AndroidManifest.xml:0:0
		INJECTED from AndroidManifest.xml:0:0
	android:versionCode
		INJECTED from AndroidManifest.xml:0:0
		INJECTED from AndroidManifest.xml:0:0
uses-permission#android.permission.INTERNET
ADDED from AndroidManifest.xml:5:5
	android:name
		ADDED from AndroidManifest.xml:5:22
uses-permission#android.permission.CAMERA
ADDED from AndroidManifest.xml:6:5
	android:name
		ADDED from AndroidManifest.xml:6:22
uses-permission#android.permission.ACCESS_FINE_LOCATION
ADDED from AndroidManifest.xml:7:5
	android:name
		ADDED from AndroidManifest.xml:7:22
uses-permission#android.permission.WRITE_EXTERNAL_STORAGE
ADDED from AndroidManifest.xml:8:5
	android:name
		ADDED from AndroidManifest.xml:8:22
uses-feature#android.hardware.camera
ADDED from AndroidManifest.xml:9:5
	android:name
		ADDED from AndroidManifest.xml:9:19
application
ADDED from AndroidManifest.xml:11:5
MERGED from com.android.support:appcompat-v7:21.0.3:16:5
MERGED from com.android.support:support-v4:21.0.3:16:5
MERGED from com.mcxiaoke.volley:library:1.0.6:11:5
MERGED from com.facebook.android:facebook-android-sdk:4.0.0:28:5
MERGED from com.android.support:support-v4:21.0.3:16:5
MERGED from org.lucasr.twowayview:twowayview:0.1.4:26:5
MERGED from com.android.support:support-v4:21.0.3:16:5
MERGED from com.etsy.android.grid:library:1.0.5:6:5
MERGED from com.android.support:support-v4:21.0.3:16:5
	android:allowBackup
		ADDED from AndroidManifest.xml:12:9
	android:icon
		ADDED from AndroidManifest.xml:14:9
	android:theme
		ADDED from AndroidManifest.xml:15:9
	android:name
		ADDED from AndroidManifest.xml:13:9
meta-data#com.facebook.sdk.ApplicationId
ADDED from AndroidManifest.xml:18:9
	android:name
		ADDED from AndroidManifest.xml:18:20
	android:value
		ADDED from AndroidManifest.xml:19:13
activity#geekgames.delichus4.SplashScreen
ADDED from AndroidManifest.xml:21:9
	android:screenOrientation
		ADDED from AndroidManifest.xml:24:13
	android:label
		ADDED from AndroidManifest.xml:25:13
	android:configChanges
		ADDED from AndroidManifest.xml:23:13
	android:name
		ADDED from AndroidManifest.xml:22:13
intent-filter#android.intent.action.MAIN+android.intent.category.LAUNCHER
ADDED from AndroidManifest.xml:26:13
action#android.intent.action.MAIN
ADDED from AndroidManifest.xml:27:17
	android:name
		ADDED from AndroidManifest.xml:27:25
category#android.intent.category.LAUNCHER
ADDED from AndroidManifest.xml:29:17
	android:name
		ADDED from AndroidManifest.xml:29:27
activity#geekgames.delichus4.Login
ADDED from AndroidManifest.xml:33:9
	android:windowSoftInputMode
		ADDED from AndroidManifest.xml:36:13
	android:screenOrientation
		ADDED from AndroidManifest.xml:37:13
	android:label
		ADDED from AndroidManifest.xml:38:13
	android:configChanges
		ADDED from AndroidManifest.xml:35:13
	android:name
		ADDED from AndroidManifest.xml:34:13
activity#geekgames.delichus4.seconds.FormularioInicio
ADDED from AndroidManifest.xml:41:9
	android:windowSoftInputMode
		ADDED from AndroidManifest.xml:44:13
	android:screenOrientation
		ADDED from AndroidManifest.xml:45:13
	android:label
		ADDED from AndroidManifest.xml:46:13
	android:configChanges
		ADDED from AndroidManifest.xml:43:13
	android:name
		ADDED from AndroidManifest.xml:42:13
activity#geekgames.delichus4.seconds.Tutorial
ADDED from AndroidManifest.xml:49:9
	android:windowSoftInputMode
		ADDED from AndroidManifest.xml:52:13
	android:screenOrientation
		ADDED from AndroidManifest.xml:53:13
	android:label
		ADDED from AndroidManifest.xml:54:13
	android:configChanges
		ADDED from AndroidManifest.xml:51:13
	android:name
		ADDED from AndroidManifest.xml:50:13
activity#geekgames.delichus4.MainActivity
ADDED from AndroidManifest.xml:57:9
	android:screenOrientation
		ADDED from AndroidManifest.xml:60:13
	android:label
		ADDED from AndroidManifest.xml:61:13
	android:configChanges
		ADDED from AndroidManifest.xml:59:13
	android:name
		ADDED from AndroidManifest.xml:58:13
activity#geekgames.delichus4.Receta
ADDED from AndroidManifest.xml:65:9
	android:screenOrientation
		ADDED from AndroidManifest.xml:69:13
	android:label
		ADDED from AndroidManifest.xml:71:13
	android:configChanges
		ADDED from AndroidManifest.xml:68:13
	android:theme
		ADDED from AndroidManifest.xml:70:13
	android:parentActivityName
		ADDED from AndroidManifest.xml:67:13
	android:name
		ADDED from AndroidManifest.xml:66:13
activity#geekgames.delichus4.BusquedaFiltros
ADDED from AndroidManifest.xml:75:9
	android:screenOrientation
		ADDED from AndroidManifest.xml:79:13
	android:label
		ADDED from AndroidManifest.xml:81:13
	android:configChanges
		ADDED from AndroidManifest.xml:78:13
	android:theme
		ADDED from AndroidManifest.xml:80:13
	android:parentActivityName
		ADDED from AndroidManifest.xml:77:13
	android:name
		ADDED from AndroidManifest.xml:76:13
activity#geekgames.delichus4.BusquedaNombre
ADDED from AndroidManifest.xml:85:9
	android:screenOrientation
		ADDED from AndroidManifest.xml:89:13
	android:label
		ADDED from AndroidManifest.xml:91:13
	android:configChanges
		ADDED from AndroidManifest.xml:88:13
	android:theme
		ADDED from AndroidManifest.xml:90:13
	android:parentActivityName
		ADDED from AndroidManifest.xml:87:13
	android:name
		ADDED from AndroidManifest.xml:86:13
activity#geekgames.delichus4.BusquedaIngredientes
ADDED from AndroidManifest.xml:94:9
	android:screenOrientation
		ADDED from AndroidManifest.xml:98:13
	android:label
		ADDED from AndroidManifest.xml:100:13
	android:configChanges
		ADDED from AndroidManifest.xml:97:13
	android:theme
		ADDED from AndroidManifest.xml:99:13
	android:parentActivityName
		ADDED from AndroidManifest.xml:96:13
	android:name
		ADDED from AndroidManifest.xml:95:13
activity#geekgames.delichus4.seconds.ActivityLogros
ADDED from AndroidManifest.xml:104:9
	android:screenOrientation
		ADDED from AndroidManifest.xml:108:13
	android:label
		ADDED from AndroidManifest.xml:110:13
	android:configChanges
		ADDED from AndroidManifest.xml:107:13
	android:theme
		ADDED from AndroidManifest.xml:109:13
	android:parentActivityName
		ADDED from AndroidManifest.xml:106:13
	android:name
		ADDED from AndroidManifest.xml:105:13
activity#geekgames.delichus4.seconds.OtherUserPage
ADDED from AndroidManifest.xml:114:9
	android:screenOrientation
		ADDED from AndroidManifest.xml:118:13
	android:label
		ADDED from AndroidManifest.xml:120:13
	android:configChanges
		ADDED from AndroidManifest.xml:117:13
	android:theme
		ADDED from AndroidManifest.xml:119:13
	android:parentActivityName
		ADDED from AndroidManifest.xml:116:13
	android:name
		ADDED from AndroidManifest.xml:115:13
activity#geekgames.delichus4.seconds.ActivityFavoritos
ADDED from AndroidManifest.xml:124:9
	android:screenOrientation
		ADDED from AndroidManifest.xml:128:9
	android:label
		ADDED from AndroidManifest.xml:130:9
	android:configChanges
		ADDED from AndroidManifest.xml:127:9
	android:theme
		ADDED from AndroidManifest.xml:129:9
	android:parentActivityName
		ADDED from AndroidManifest.xml:126:9
	android:name
		ADDED from AndroidManifest.xml:125:9
activity#geekgames.delichus4.seconds.ActivityCompletados
ADDED from AndroidManifest.xml:134:9
	android:screenOrientation
		ADDED from AndroidManifest.xml:138:13
	android:label
		ADDED from AndroidManifest.xml:140:13
	android:configChanges
		ADDED from AndroidManifest.xml:137:13
	android:theme
		ADDED from AndroidManifest.xml:139:13
	android:parentActivityName
		ADDED from AndroidManifest.xml:136:13
	android:name
		ADDED from AndroidManifest.xml:135:13
activity#geekgames.delichus4.seconds.ActivityShoppingList
ADDED from AndroidManifest.xml:144:9
	android:screenOrientation
		ADDED from AndroidManifest.xml:148:13
	android:label
		ADDED from AndroidManifest.xml:150:13
	android:configChanges
		ADDED from AndroidManifest.xml:147:13
	android:theme
		ADDED from AndroidManifest.xml:149:13
	android:parentActivityName
		ADDED from AndroidManifest.xml:146:13
	android:name
		ADDED from AndroidManifest.xml:145:13
activity#geekgames.delichus4.seconds.ActivityAjustes
ADDED from AndroidManifest.xml:154:9
	android:screenOrientation
		ADDED from AndroidManifest.xml:158:13
	android:label
		ADDED from AndroidManifest.xml:160:13
	android:configChanges
		ADDED from AndroidManifest.xml:157:13
	android:theme
		ADDED from AndroidManifest.xml:159:13
	android:parentActivityName
		ADDED from AndroidManifest.xml:156:13
	android:name
		ADDED from AndroidManifest.xml:155:13
activity#geekgames.delichus4.seconds.ActivitySeguidos
ADDED from AndroidManifest.xml:164:9
	android:screenOrientation
		ADDED from AndroidManifest.xml:168:13
	android:label
		ADDED from AndroidManifest.xml:170:13
	android:configChanges
		ADDED from AndroidManifest.xml:167:13
	android:theme
		ADDED from AndroidManifest.xml:169:13
	android:parentActivityName
		ADDED from AndroidManifest.xml:166:13
	android:name
		ADDED from AndroidManifest.xml:165:13
activity#geekgames.delichus4.seconds.RegistroUsuario
ADDED from AndroidManifest.xml:174:9
	android:windowSoftInputMode
		ADDED from AndroidManifest.xml:179:13
	android:screenOrientation
		ADDED from AndroidManifest.xml:178:13
	android:label
		ADDED from AndroidManifest.xml:181:13
	android:configChanges
		ADDED from AndroidManifest.xml:177:13
	android:theme
		ADDED from AndroidManifest.xml:180:13
	android:parentActivityName
		ADDED from AndroidManifest.xml:176:13
	android:name
		ADDED from AndroidManifest.xml:175:13
activity#com.facebook.FacebookActivity
ADDED from AndroidManifest.xml:185:9
	android:label
		ADDED from AndroidManifest.xml:189:13
	android:configChanges
		ADDED from AndroidManifest.xml:186:13
	android:theme
		ADDED from AndroidManifest.xml:188:13
	android:name
		ADDED from AndroidManifest.xml:185:19
provider#com.facebook.FacebookContentProvider
ADDED from AndroidManifest.xml:191:9
	android:exported
		ADDED from AndroidManifest.xml:193:13
	android:authorities
		ADDED from AndroidManifest.xml:191:19
	android:name
		ADDED from AndroidManifest.xml:192:13
uses-sdk
INJECTED from AndroidManifest.xml:0:0 reason: use-sdk injection requested
MERGED from com.android.support:appcompat-v7:21.0.3:15:5
MERGED from com.android.support:support-v4:21.0.3:15:5
MERGED from com.mcxiaoke.volley:library:1.0.6:7:5
MERGED from com.facebook.android:facebook-android-sdk:4.0.0:24:5
MERGED from com.android.support:support-v4:21.0.3:15:5
MERGED from org.lucasr.twowayview:twowayview:0.1.4:22:5
MERGED from com.android.support:support-v4:21.0.3:15:5
MERGED from org.apmem.tools:layouts:1.9:7:5
MERGED from com.etsy.android.grid:library:1.0.5:4:5
MERGED from com.android.support:support-v4:21.0.3:15:5
	android:targetSdkVersion
		INJECTED from AndroidManifest.xml:0:0
		INJECTED from AndroidManifest.xml:0:0
	android:minSdkVersion
		INJECTED from AndroidManifest.xml:0:0
		INJECTED from AndroidManifest.xml:0:0